# JRE version: OpenJDK Runtime Environment (11.0.12+7) (build 11.0.12+7-b1504.28-7817840)
# Java VM: OpenJDK 64-Bit Server VM (11.0.12+7-b1504.28-7817840, mixed mode, tiered, compressed oops, g1 gc, windows-amd64)
Heap:
 garbage-first heap   total 260096K, used 199477K [0x00000000a0000000, 0x0000000100000000)
  region size 1024K, 8 young (8192K), 1 survivors (1024K)
 Metaspace       used 128980K, capacity 132460K, committed 132608K, reserved 1165312K
  class space    used 16146K, capacity 17403K, committed 17484K, reserved 1048576K
GC Heap History (20 events):
Event: 1283.765 GC heap before
{Heap before GC invocations=39 (full 0):
 garbage-first heap   total 260096K, used 221371K [0x00000000a0000000, 0x0000000100000000)
  region size 1024K, 30 young (30720K), 4 survivors (4096K)
 Metaspace       used 125462K, capacity 128738K, committed 129024K, reserved 1161216K
  class space    used 15698K, capacity 16856K, committed 16972K, reserved 1048576K
}
Event: 1283.768 GC heap after
{Heap after GC invocations=40 (full 0):
 garbage-first heap   total 260096K, used 195736K [0x00000000a0000000, 0x0000000100000000)
  region size 1024K, 2 young (2048K), 2 survivors (2048K)
 Metaspace       used 125462K, capacity 128738K, committed 129024K, reserved 1161216K
  class space    used 15698K, capacity 16856K, committed 16972K, reserved 1048576K
}
Event: 1283.966 GC heap before
{Heap before GC invocations=40 (full 0):
 garbage-first heap   total 260096K, used 207000K [0x00000000a0000000, 0x0000000100000000)
  region size 1024K, 14 young (14336K), 2 survivors (2048K)
 Metaspace       used 125696K, capacity 128988K, committed 129280K, reserved 1161216K
  class space    used 15718K, capacity 16888K, committed 16972K, reserved 1048576K
}
Event: 1283.969 GC heap after
{Heap after GC invocations=41 (full 0):
 garbage-first heap   total 260096K, used 195298K [0x00000000a0000000, 0x0000000100000000)
  region size 1024K, 2 young (2048K), 2 survivors (2048K)
 Metaspace       used 125696K, capacity 128988K, committed 129280K, reserved 1161216K
  class space    used 15718K, capacity 16888K, committed 16972K, reserved 1048576K
}
Event: 1284.586 GC heap before
{Heap before GC invocations=42 (full 0):
 garbage-first heap   total 260096K, used 228066K [0x00000000a0000000, 0x0000000100000000)
  region size 1024K, 26 young (26624K), 2 survivors (2048K)
 Metaspace       used 126549K, capacity 129804K, committed 130176K, reserved 1163264K
  class space    used 15769K, capacity 16900K, committed 17100K, reserved 1048576K
}
Event: 1284.588 GC heap after
{Heap after GC invocations=43 (full 0):
 garbage-first heap   total 260096K, used 191256K [0x00000000a0000000, 0x0000000100000000)
  region size 1024K, 3 young (3072K), 3 survivors (3072K)
 Metaspace       used 126549K, capacity 129804K, committed 130176K, reserved 1163264K
  class space    used 15769K, capacity 16900K, committed 17100K, reserved 1048576K
}
Event: 1284.677 GC heap before
{Heap before GC invocations=43 (full 0):
 garbage-first heap   total 260096K, used 199448K [0x00000000a0000000, 0x0000000100000000)
  region size 1024K, 12 young (12288K), 3 survivors (3072K)
 Metaspace       used 126743K, capacity 129970K, committed 130432K, reserved 1163264K
  class space    used 15795K, capacity 16934K, committed 17100K, reserved 1048576K
}
Event: 1284.683 GC heap after
{Heap after GC invocations=44 (full 0):
 garbage-first heap   total 260096K, used 187576K [0x00000000a0000000, 0x0000000100000000)
  region size 1024K, 1 young (1024K), 1 survivors (1024K)
 Metaspace       used 126743K, capacity 129970K, committed 130432K, reserved 1163264K
  class space    used 15795K, capacity 16934K, committed 17100K, reserved 1048576K
}
Event: 1284.962 GC heap before
{Heap before GC invocations=44 (full 0):
 garbage-first heap   total 260096K, used 218296K [0x00000000a0000000, 0x0000000100000000)
  region size 1024K, 30 young (30720K), 1 survivors (1024K)
 Metaspace       used 126854K, capacity 130069K, committed 130432K, reserved 1163264K
  class space    used 15811K, capacity 16945K, committed 17100K, reserved 1048576K
}
Event: 1284.965 GC heap after
{Heap after GC invocations=45 (full 0):
 garbage-first heap   total 260096K, used 193881K [0x00000000a0000000, 0x0000000100000000)
  region size 1024K, 4 young (4096K), 4 survivors (4096K)
 Metaspace       used 126854K, capacity 130069K, committed 130432K, reserved 1163264K
  class space    used 15811K, capacity 16945K, committed 17100K, reserved 1048576K
}
Event: 1285.029 GC heap before
{Heap before GC invocations=45 (full 0):
 garbage-first heap   total 260096K, used 220505K [0x00000000a0000000, 0x0000000100000000)
  region size 1024K, 30 young (30720K), 4 survivors (4096K)
 Metaspace       used 126854K, capacity 130069K, committed 130432K, reserved 1163264K
  class space    used 15811K, capacity 16945K, committed 17100K, reserved 1048576K
}
Event: 1285.032 GC heap after
{Heap after GC invocations=46 (full 0):
 garbage-first heap   total 260096K, used 196636K [0x00000000a0000000, 0x0000000100000000)
  region size 1024K, 4 young (4096K), 4 survivors (4096K)
 Metaspace       used 126854K, capacity 130069K, committed 130432K, reserved 1163264K
  class space    used 15811K, capacity 16945K, committed 17100K, reserved 1048576K
}
Event: 1285.147 GC heap before
{Heap before GC invocations=46 (full 0):
 garbage-first heap   total 260096K, used 221212K [0x00000000a0000000, 0x0000000100000000)
  region size 1024K, 28 young (28672K), 4 survivors (4096K)
 Metaspace       used 126856K, capacity 130069K, committed 130432K, reserved 1163264K
  class space    used 15811K, capacity 16945K, committed 17100K, reserved 1048576K
}
Event: 1285.149 GC heap after
{Heap after GC invocations=47 (full 0):
 garbage-first heap   total 260096K, used 196289K [0x00000000a0000000, 0x0000000100000000)
  region size 1024K, 4 young (4096K), 4 survivors (4096K)
 Metaspace       used 126856K, capacity 130069K, committed 130432K, reserved 1163264K
  class space    used 15811K, capacity 16945K, committed 17100K, reserved 1048576K
}
Event: 1285.191 GC heap before
{Heap before GC invocations=47 (full 0):
 garbage-first heap   total 260096K, used 221889K [0x00000000a0000000, 0x0000000100000000)
  region size 1024K, 29 young (29696K), 4 survivors (4096K)
 Metaspace       used 126857K, capacity 130069K, committed 130432K, reserved 1163264K
  class space    used 15812K, capacity 16945K, committed 17100K, reserved 1048576K
}
Event: 1285.193 GC heap after
{Heap after GC invocations=48 (full 0):
 garbage-first heap   total 260096K, used 197534K [0x00000000a0000000, 0x0000000100000000)
  region size 1024K, 4 young (4096K), 4 survivors (4096K)
 Metaspace       used 126857K, capacity 130069K, committed 130432K, reserved 1163264K
  class space    used 15812K, capacity 16945K, committed 17100K, reserved 1048576K
}
Event: 1285.233 GC heap before
{Heap before GC invocations=48 (full 0):
 garbage-first heap   total 260096K, used 223134K [0x00000000a0000000, 0x0000000100000000)
  region size 1024K, 29 young (29696K), 4 survivors (4096K)
 Metaspace       used 126857K, capacity 130069K, committed 130432K, reserved 1163264K
  class space    used 15812K, capacity 16945K, committed 17100K, reserved 1048576K
}
Event: 1285.235 GC heap after
{Heap after GC invocations=49 (full 0):
 garbage-first heap   total 260096K, used 198176K [0x00000000a0000000, 0x0000000100000000)
  region size 1024K, 4 young (4096K), 4 survivors (4096K)
 Metaspace       used 126857K, capacity 130069K, committed 130432K, reserved 1163264K
  class space    used 15812K, capacity 16945K, committed 17100K, reserved 1048576K
}
Event: 1286.122 GC heap before
{Heap before GC invocations=49 (full 0):
 garbage-first heap   total 260096K, used 222752K [0x00000000a0000000, 0x0000000100000000)
  region size 1024K, 28 young (28672K), 4 survivors (4096K)
 Metaspace       used 127733K, capacity 131029K, committed 131328K, reserved 1163264K
  class space    used 15944K, capacity 17137K, committed 17228K, reserved 1048576K
}
Event: 1286.123 GC heap after
{Heap after GC invocations=50 (full 0):
 garbage-first heap   total 260096K, used 193333K [0x00000000a0000000, 0x0000000100000000)
  region size 1024K, 1 young (1024K), 1 survivors (1024K)
 Metaspace       used 127733K, capacity 131029K, committed 131328K, reserved 1163264K
  class space    used 15944K, capacity 17137K, committed 17228K, reserved 1048576K
}

