# JRE version: OpenJDK Runtime Environment (11.0.12+7) (build 11.0.12+7-b1504.28-7817840)
# Java VM: OpenJDK 64-Bit Server VM (11.0.12+7-b1504.28-7817840, mixed mode, tiered, compressed oops, g1 gc, windows-amd64)
Heap:
 garbage-first heap   total 260096K, used 196608K [0x00000000a0000000, 0x0000000100000000)
  region size 1024K, 18 young (18432K), 3 survivors (3072K)
 Metaspace       used 108711K, capacity 111117K, committed 111700K, reserved 1146880K
  class space    used 13637K, capacity 14521K, committed 14796K, reserved 1048576K
GC Heap History (20 events):
Event: 5.513 GC heap before
{Heap before GC invocations=11 (full 0):
 garbage-first heap   total 260096K, used 148030K [0x00000000a0000000, 0x0000000100000000)
  region size 1024K, 97 young (99328K), 7 survivors (7168K)
 Metaspace       used 75595K, capacity 77320K, committed 77644K, reserved 1116160K
  class space    used 9867K, capacity 10479K, committed 10572K, reserved 1048576K
}
Event: 5.518 GC heap after
{Heap after GC invocations=12 (full 0):
 garbage-first heap   total 260096K, used 61100K [0x00000000a0000000, 0x0000000100000000)
  region size 1024K, 12 young (12288K), 12 survivors (12288K)
 Metaspace       used 75595K, capacity 77320K, committed 77644K, reserved 1116160K
  class space    used 9867K, capacity 10479K, committed 10572K, reserved 1048576K
}
Event: 6.088 GC heap before
{Heap before GC invocations=12 (full 0):
 garbage-first heap   total 260096K, used 158380K [0x00000000a0000000, 0x0000000100000000)
  region size 1024K, 108 young (110592K), 12 survivors (12288K)
 Metaspace       used 80597K, capacity 82746K, committed 83020K, reserved 1120256K
  class space    used 10502K, capacity 11308K, committed 11340K, reserved 1048576K
}
Event: 6.097 GC heap after
{Heap after GC invocations=13 (full 0):
 garbage-first heap   total 260096K, used 69802K [0x00000000a0000000, 0x0000000100000000)
  region size 1024K, 14 young (14336K), 14 survivors (14336K)
 Metaspace       used 80597K, capacity 82746K, committed 83020K, reserved 1120256K
  class space    used 10502K, capacity 11308K, committed 11340K, reserved 1048576K
}
Event: 6.695 GC heap before
{Heap before GC invocations=13 (full 0):
 garbage-first heap   total 260096K, used 169130K [0x00000000a0000000, 0x0000000100000000)
  region size 1024K, 112 young (114688K), 14 survivors (14336K)
 Metaspace       used 85635K, capacity 87819K, committed 88012K, reserved 1126400K
  class space    used 11126K, capacity 11934K, committed 11980K, reserved 1048576K
}
Event: 6.704 GC heap after
{Heap after GC invocations=14 (full 0):
 garbage-first heap   total 260096K, used 76216K [0x00000000a0000000, 0x0000000100000000)
  region size 1024K, 9 young (9216K), 9 survivors (9216K)
 Metaspace       used 85635K, capacity 87819K, committed 88012K, reserved 1126400K
  class space    used 11126K, capacity 11934K, committed 11980K, reserved 1048576K
}
Event: 17.823 GC heap before
{Heap before GC invocations=14 (full 0):
 garbage-first heap   total 260096K, used 181688K [0x00000000a0000000, 0x0000000100000000)
  region size 1024K, 108 young (110592K), 9 survivors (9216K)
 Metaspace       used 91023K, capacity 93545K, committed 93772K, reserved 1130496K
  class space    used 11834K, capacity 12788K, committed 12876K, reserved 1048576K
}
Event: 17.830 GC heap after
{Heap after GC invocations=15 (full 0):
 garbage-first heap   total 260096K, used 85510K [0x00000000a0000000, 0x0000000100000000)
  region size 1024K, 8 young (8192K), 8 survivors (8192K)
 Metaspace       used 91023K, capacity 93545K, committed 93772K, reserved 1130496K
  class space    used 11834K, capacity 12788K, committed 12876K, reserved 1048576K
}
Event: 18.285 GC heap before
{Heap before GC invocations=15 (full 0):
 garbage-first heap   total 260096K, used 138758K [0x00000000a0000000, 0x0000000100000000)
  region size 1024K, 57 young (58368K), 8 survivors (8192K)
 Metaspace       used 98027K, capacity 100655K, committed 100820K, reserved 1136640K
  class space    used 12579K, capacity 13536K, committed 13644K, reserved 1048576K
}
Event: 18.292 GC heap after
{Heap after GC invocations=16 (full 0):
 garbage-first heap   total 260096K, used 89088K [0x00000000a0000000, 0x0000000100000000)
  region size 1024K, 11 young (11264K), 11 survivors (11264K)
 Metaspace       used 98027K, capacity 100655K, committed 100820K, reserved 1136640K
  class space    used 12579K, capacity 13536K, committed 13644K, reserved 1048576K
}
Event: 19.273 GC heap before
{Heap before GC invocations=17 (full 0):
 garbage-first heap   total 260096K, used 193536K [0x00000000a0000000, 0x0000000100000000)
  region size 1024K, 109 young (111616K), 11 survivors (11264K)
 Metaspace       used 104655K, capacity 107032K, committed 107860K, reserved 1142784K
  class space    used 13168K, capacity 14007K, committed 14284K, reserved 1048576K
}
Event: 19.289 GC heap after
{Heap after GC invocations=18 (full 0):
 garbage-first heap   total 260096K, used 129593K [0x00000000a0000000, 0x0000000100000000)
  region size 1024K, 14 young (14336K), 14 survivors (14336K)
 Metaspace       used 104655K, capacity 107032K, committed 107860K, reserved 1142784K
  class space    used 13168K, capacity 14007K, committed 14284K, reserved 1048576K
}
Event: 19.479 GC heap before
{Heap before GC invocations=18 (full 0):
 garbage-first heap   total 260096K, used 151097K [0x00000000a0000000, 0x0000000100000000)
  region size 1024K, 35 young (35840K), 14 survivors (14336K)
 Metaspace       used 106856K, capacity 109247K, committed 109908K, reserved 1144832K
  class space    used 13453K, capacity 14339K, committed 14540K, reserved 1048576K
}
Event: 19.498 GC heap after
{Heap after GC invocations=19 (full 0):
 garbage-first heap   total 260096K, used 135521K [0x00000000a0000000, 0x0000000100000000)
  region size 1024K, 4 young (4096K), 4 survivors (4096K)
 Metaspace       used 106856K, capacity 109247K, committed 109908K, reserved 1144832K
  class space    used 13453K, capacity 14339K, committed 14540K, reserved 1048576K
}
Event: 19.707 GC heap before
{Heap before GC invocations=20 (full 0):
 garbage-first heap   total 260096K, used 183649K [0x00000000a0000000, 0x0000000100000000)
  region size 1024K, 50 young (51200K), 4 survivors (4096K)
 Metaspace       used 108077K, capacity 110443K, committed 111060K, reserved 1146880K
  class space    used 13566K, capacity 14413K, committed 14668K, reserved 1048576K
}
Event: 19.717 GC heap after
{Heap after GC invocations=21 (full 0):
 garbage-first heap   total 260096K, used 162413K [0x00000000a0000000, 0x0000000100000000)
  region size 1024K, 7 young (7168K), 7 survivors (7168K)
 Metaspace       used 108077K, capacity 110443K, committed 111060K, reserved 1146880K
  class space    used 13566K, capacity 14413K, committed 14668K, reserved 1048576K
}
Event: 19.780 GC heap before
{Heap before GC invocations=21 (full 0):
 garbage-first heap   total 260096K, used 194157K [0x00000000a0000000, 0x0000000100000000)
  region size 1024K, 38 young (38912K), 7 survivors (7168K)
 Metaspace       used 108137K, capacity 110454K, committed 111060K, reserved 1146880K
  class space    used 13566K, capacity 14413K, committed 14668K, reserved 1048576K
}
Event: 19.791 GC heap after
{Heap after GC invocations=22 (full 0):
 garbage-first heap   total 260096K, used 186761K [0x00000000a0000000, 0x0000000100000000)
  region size 1024K, 5 young (5120K), 5 survivors (5120K)
 Metaspace       used 108137K, capacity 110454K, committed 111060K, reserved 1146880K
  class space    used 13566K, capacity 14413K, committed 14668K, reserved 1048576K
}
Event: 19.843 GC heap before
{Heap before GC invocations=22 (full 0):
 garbage-first heap   total 260096K, used 205193K [0x00000000a0000000, 0x0000000100000000)
  region size 1024K, 23 young (23552K), 5 survivors (5120K)
 Metaspace       used 108317K, capacity 110681K, committed 111316K, reserved 1146880K
  class space    used 13581K, capacity 14445K, committed 14668K, reserved 1048576K
}
Event: 19.848 GC heap after
{Heap after GC invocations=23 (full 0):
 garbage-first heap   total 260096K, used 196608K [0x00000000a0000000, 0x0000000100000000)
  region size 1024K, 3 young (3072K), 3 survivors (3072K)
 Metaspace       used 108317K, capacity 110681K, committed 111316K, reserved 1146880K
  class space    used 13581K, capacity 14445K, committed 14668K, reserved 1048576K
}

