# JRE version: OpenJDK Runtime Environment (11.0.12+7) (build 11.0.12+7-b1504.28-7817840)
# Java VM: OpenJDK 64-Bit Server VM (11.0.12+7-b1504.28-7817840, mixed mode, tiered, compressed oops, g1 gc, windows-amd64)
Heap:
 garbage-first heap   total 312320K, used 180129K [0x00000000a0000000, 0x0000000100000000)
  region size 1024K, 55 young (56320K), 1 survivors (1024K)
 Metaspace       used 149166K, capacity 152584K, committed 155052K, reserved 1183744K
  class space    used 18044K, capacity 19315K, committed 20480K, reserved 1048576K
GC Heap History (20 events):
Event: 205.001 GC heap before
{Heap before GC invocations=61 (full 0):
 garbage-first heap   total 260096K, used 220156K [0x00000000a0000000, 0x0000000100000000)
  region size 1024K, 12 young (12288K), 2 survivors (2048K)
 Metaspace       used 147863K, capacity 151222K, committed 154284K, reserved 1183744K
  class space    used 17973K, capacity 19208K, committed 20480K, reserved 1048576K
}
Event: 205.005 GC heap after
{Heap after GC invocations=62 (full 0):
 garbage-first heap   total 260096K, used 217336K [0x00000000a0000000, 0x0000000100000000)
  region size 1024K, 2 young (2048K), 2 survivors (2048K)
 Metaspace       used 147863K, capacity 151222K, committed 154284K, reserved 1183744K
  class space    used 17973K, capacity 19208K, committed 20480K, reserved 1048576K
}
Event: 205.993 GC heap before
{Heap before GC invocations=63 (full 0):
 garbage-first heap   total 260096K, used 227576K [0x00000000a0000000, 0x0000000100000000)
  region size 1024K, 12 young (12288K), 2 survivors (2048K)
 Metaspace       used 147922K, capacity 151291K, committed 154284K, reserved 1183744K
  class space    used 17973K, capacity 19208K, committed 20480K, reserved 1048576K
}
Event: 205.996 GC heap after
{Heap after GC invocations=64 (full 0):
 garbage-first heap   total 260096K, used 216515K [0x00000000a0000000, 0x0000000100000000)
  region size 1024K, 1 young (1024K), 1 survivors (1024K)
 Metaspace       used 147922K, capacity 151291K, committed 154284K, reserved 1183744K
  class space    used 17973K, capacity 19208K, committed 20480K, reserved 1048576K
}
Event: 206.227 GC heap before
{Heap before GC invocations=64 (full 0):
 garbage-first heap   total 260096K, used 228803K [0x00000000a0000000, 0x0000000100000000)
  region size 1024K, 12 young (12288K), 1 survivors (1024K)
 Metaspace       used 147998K, capacity 151454K, committed 154284K, reserved 1183744K
  class space    used 17980K, capacity 19217K, committed 20480K, reserved 1048576K
}
Event: 206.230 GC heap after
{Heap after GC invocations=65 (full 0):
 garbage-first heap   total 260096K, used 221252K [0x00000000a0000000, 0x0000000100000000)
  region size 1024K, 2 young (2048K), 2 survivors (2048K)
 Metaspace       used 147998K, capacity 151454K, committed 154284K, reserved 1183744K
  class space    used 17980K, capacity 19217K, committed 20480K, reserved 1048576K
}
Event: 206.326 GC heap before
{Heap before GC invocations=65 (full 0):
 garbage-first heap   total 260096K, used 231492K [0x00000000a0000000, 0x0000000100000000)
  region size 1024K, 12 young (12288K), 2 survivors (2048K)
 Metaspace       used 148002K, capacity 151454K, committed 154284K, reserved 1183744K
  class space    used 17980K, capacity 19217K, committed 20480K, reserved 1048576K
}
Event: 206.335 GC heap after
{Heap after GC invocations=66 (full 0):
 garbage-first heap   total 260096K, used 224186K [0x00000000a0000000, 0x0000000100000000)
  region size 1024K, 2 young (2048K), 2 survivors (2048K)
 Metaspace       used 148002K, capacity 151454K, committed 154284K, reserved 1183744K
  class space    used 17980K, capacity 19217K, committed 20480K, reserved 1048576K
}
Event: 206.483 GC heap before
{Heap before GC invocations=67 (full 0):
 garbage-first heap   total 260096K, used 155578K [0x00000000a0000000, 0x0000000100000000)
  region size 1024K, 12 young (12288K), 2 survivors (2048K)
 Metaspace       used 148137K, capacity 151550K, committed 154540K, reserved 1183744K
  class space    used 17986K, capacity 19224K, committed 20480K, reserved 1048576K
}
Event: 206.488 GC heap after
{Heap after GC invocations=68 (full 0):
 garbage-first heap   total 312320K, used 146600K [0x00000000a0000000, 0x0000000100000000)
  region size 1024K, 2 young (2048K), 2 survivors (2048K)
 Metaspace       used 148137K, capacity 151550K, committed 154540K, reserved 1183744K
  class space    used 17986K, capacity 19224K, committed 20480K, reserved 1048576K
}
Event: 206.558 GC heap before
{Heap before GC invocations=68 (full 0):
 garbage-first heap   total 312320K, used 159912K [0x00000000a0000000, 0x0000000100000000)
  region size 1024K, 15 young (15360K), 2 survivors (2048K)
 Metaspace       used 148330K, capacity 151696K, committed 154540K, reserved 1183744K
  class space    used 17987K, capacity 19225K, committed 20480K, reserved 1048576K
}
Event: 206.562 GC heap after
{Heap after GC invocations=69 (full 0):
 garbage-first heap   total 312320K, used 123847K [0x00000000a0000000, 0x0000000100000000)
  region size 1024K, 1 young (1024K), 1 survivors (1024K)
 Metaspace       used 148330K, capacity 151696K, committed 154540K, reserved 1183744K
  class space    used 17987K, capacity 19225K, committed 20480K, reserved 1048576K
}
Event: 206.987 GC heap before
{Heap before GC invocations=69 (full 0):
 garbage-first heap   total 312320K, used 144327K [0x00000000a0000000, 0x0000000100000000)
  region size 1024K, 23 young (23552K), 1 survivors (1024K)
 Metaspace       used 148479K, capacity 151899K, committed 154796K, reserved 1183744K
  class space    used 17989K, capacity 19226K, committed 20480K, reserved 1048576K
}
Event: 206.989 GC heap after
{Heap after GC invocations=70 (full 0):
 garbage-first heap   total 312320K, used 123998K [0x00000000a0000000, 0x0000000100000000)
  region size 1024K, 1 young (1024K), 1 survivors (1024K)
 Metaspace       used 148479K, capacity 151899K, committed 154796K, reserved 1183744K
  class space    used 17989K, capacity 19226K, committed 20480K, reserved 1048576K
}
Event: 368.763 GC heap before
{Heap before GC invocations=71 (full 0):
 garbage-first heap   total 312320K, used 192606K [0x00000000a0000000, 0x0000000100000000)
  region size 1024K, 64 young (65536K), 1 survivors (1024K)
 Metaspace       used 149043K, capacity 152429K, committed 155052K, reserved 1183744K
  class space    used 18039K, capacity 19307K, committed 20480K, reserved 1048576K
}
Event: 368.767 GC heap after
{Heap after GC invocations=72 (full 0):
 garbage-first heap   total 312320K, used 128798K [0x00000000a0000000, 0x0000000100000000)
  region size 1024K, 6 young (6144K), 6 survivors (6144K)
 Metaspace       used 149043K, capacity 152429K, committed 155052K, reserved 1183744K
  class space    used 18039K, capacity 19307K, committed 20480K, reserved 1048576K
}
Event: 368.792 GC heap before
{Heap before GC invocations=72 (full 0):
 garbage-first heap   total 312320K, used 136990K [0x00000000a0000000, 0x0000000100000000)
  region size 1024K, 15 young (15360K), 6 survivors (6144K)
 Metaspace       used 149047K, capacity 152429K, committed 155052K, reserved 1183744K
  class space    used 18040K, capacity 19307K, committed 20480K, reserved 1048576K
}
Event: 368.797 GC heap after
{Heap after GC invocations=73 (full 0):
 garbage-first heap   total 312320K, used 119965K [0x00000000a0000000, 0x0000000100000000)
  region size 1024K, 1 young (1024K), 1 survivors (1024K)
 Metaspace       used 149047K, capacity 152429K, committed 155052K, reserved 1183744K
  class space    used 18040K, capacity 19307K, committed 20480K, reserved 1048576K
}
Event: 368.836 GC heap before
{Heap before GC invocations=73 (full 0):
 garbage-first heap   total 312320K, used 134301K [0x00000000a0000000, 0x0000000100000000)
  region size 1024K, 16 young (16384K), 1 survivors (1024K)
 Metaspace       used 149050K, capacity 152429K, committed 155052K, reserved 1183744K
  class space    used 18040K, capacity 19307K, committed 20480K, reserved 1048576K
}
Event: 368.838 GC heap after
{Heap after GC invocations=74 (full 0):
 garbage-first heap   total 312320K, used 119713K [0x00000000a0000000, 0x0000000100000000)
  region size 1024K, 1 young (1024K), 1 survivors (1024K)
 Metaspace       used 149050K, capacity 152429K, committed 155052K, reserved 1183744K
  class space    used 18040K, capacity 19307K, committed 20480K, reserved 1048576K
}

